va_baseDevice.obj : error LNK2005: stbi_convert_iphone_png_to_rgb already defined in Main.obj
va_baseDevice.obj : error LNK2005: stbi_convert_iphone_png_to_rgb_thread already defined in Main.obj
va_baseDevice.obj : error LNK2005: stbi_failure_reason already defined in Main.obj
va_baseDevice.obj : error LNK2005: stbi_hdr_to_ldr_gamma already defined in Main.obj
va_baseDevice.obj : error LNK2005: stbi_hdr_to_ldr_scale already defined in Main.obj
va_baseDevice.obj : error LNK2005: stbi_image_free already defined in Main.obj
va_baseDevice.obj : error LNK2005: stbi_info already defined in Main.obj
va_baseDevice.obj : error LNK2005: stbi_info_from_callbacks already defined in Main.obj
va_baseDevice.obj : error LNK2005: stbi_info_from_file already defined in Main.obj
va_baseDevice.obj : error LNK2005: stbi_info_from_memory already defined in Main.obj
va_baseDevice.obj : error LNK2005: stbi_is_16_bit already defined in Main.obj
va_baseDevice.obj : error LNK2005: stbi_is_16_bit_from_callbacks already defined in Main.obj
va_baseDevice.obj : error LNK2005: stbi_is_16_bit_from_file already defined in Main.obj
va_baseDevice.obj : error LNK2005: stbi_is_16_bit_from_memory already defined in Main.obj
va_baseDevice.obj : error LNK2005: stbi_is_hdr already defined in Main.obj
va_baseDevice.obj : error LNK2005: stbi_is_hdr_from_callbacks already defined in Main.obj
va_baseDevice.obj : error LNK2005: stbi_is_hdr_from_file already defined in Main.obj
va_baseDevice.obj : error LNK2005: stbi_is_hdr_from_memory already defined in Main.obj
va_baseDevice.obj : error LNK2005: stbi_ldr_to_hdr_gamma already defined in Main.obj
va_baseDevice.obj : error LNK2005: stbi_ldr_to_hdr_scale already defined in Main.obj
va_baseDevice.obj : error LNK2005: stbi_load already defined in Main.obj
va_baseDevice.obj : error LNK2005: stbi_load_16 already defined in Main.obj
va_baseDevice.obj : error LNK2005: stbi_load_16_from_callbacks already defined in Main.obj
va_baseDevice.obj : error LNK2005: stbi_load_16_from_memory already defined in Main.obj
va_baseDevice.obj : error LNK2005: stbi_load_from_callbacks already defined in Main.obj
va_baseDevice.obj : error LNK2005: stbi_load_from_file already defined in Main.obj
va_baseDevice.obj : error LNK2005: stbi_load_from_file_16 already defined in Main.obj
va_baseDevice.obj : error LNK2005: stbi_load_from_memory already defined in Main.obj
va_baseDevice.obj : error LNK2005: stbi_load_gif_from_memory already defined in Main.obj
va_baseDevice.obj : error LNK2005: stbi_loadf already defined in Main.obj
va_baseDevice.obj : error LNK2005: stbi_loadf_from_callbacks already defined in Main.obj
va_baseDevice.obj : error LNK2005: stbi_loadf_from_file already defined in Main.obj
va_baseDevice.obj : error LNK2005: stbi_loadf_from_memory already defined in Main.obj
va_baseDevice.obj : error LNK2005: stbi_set_flip_vertically_on_load already defined in Main.obj
va_baseDevice.obj : error LNK2005: stbi_set_flip_vertically_on_load_thread already defined in Main.obj
va_baseDevice.obj : error LNK2005: stbi_set_unpremultiply_on_load already defined in Main.obj
va_baseDevice.obj : error LNK2005: stbi_set_unpremultiply_on_load_thread already defined in Main.obj
va_baseDevice.obj : error LNK2005: stbi_zlib_decode_buffer already defined in Main.obj
va_baseDevice.obj : error LNK2005: stbi_zlib_decode_malloc already defined in Main.obj
va_baseDevice.obj : error LNK2005: stbi_zlib_decode_malloc_guesssize already defined in Main.obj
va_baseDevice.obj : error LNK2005: stbi_zlib_decode_malloc_guesssize_headerflag already defined in Main.obj
va_baseDevice.obj : error LNK2005: stbi_zlib_decode_noheader_buffer already defined in Main.obj
va_baseDevice.obj : error LNK2005: stbi_zlib_decode_noheader_malloc already defined in Main.obj
va_graphicsPipeline.obj : error LNK2005: stbi_convert_iphone_png_to_rgb already defined in Main.obj
va_graphicsPipeline.obj : error LNK2005: stbi_convert_iphone_png_to_rgb_thread already defined in Main.obj
va_graphicsPipeline.obj : error LNK2005: stbi_failure_reason already defined in Main.obj
va_graphicsPipeline.obj : error LNK2005: stbi_hdr_to_ldr_gamma already defined in Main.obj
va_graphicsPipeline.obj : error LNK2005: stbi_hdr_to_ldr_scale already defined in Main.obj
va_graphicsPipeline.obj : error LNK2005: stbi_image_free already defined in Main.obj
va_graphicsPipeline.obj : error LNK2005: stbi_info already defined in Main.obj
va_graphicsPipeline.obj : error LNK2005: stbi_info_from_callbacks already defined in Main.obj
va_graphicsPipeline.obj : error LNK2005: stbi_info_from_file already defined in Main.obj
va_graphicsPipeline.obj : error LNK2005: stbi_info_from_memory already defined in Main.obj
va_graphicsPipeline.obj : error LNK2005: stbi_is_16_bit already defined in Main.obj
va_graphicsPipeline.obj : error LNK2005: stbi_is_16_bit_from_callbacks already defined in Main.obj
va_graphicsPipeline.obj : error LNK2005: stbi_is_16_bit_from_file already defined in Main.obj
va_graphicsPipeline.obj : error LNK2005: stbi_is_16_bit_from_memory already defined in Main.obj
va_graphicsPipeline.obj : error LNK2005: stbi_is_hdr already defined in Main.obj
va_graphicsPipeline.obj : error LNK2005: stbi_is_hdr_from_callbacks already defined in Main.obj
va_graphicsPipeline.obj : error LNK2005: stbi_is_hdr_from_file already defined in Main.obj
va_graphicsPipeline.obj : error LNK2005: stbi_is_hdr_from_memory already defined in Main.obj
va_graphicsPipeline.obj : error LNK2005: stbi_ldr_to_hdr_gamma already defined in Main.obj
va_graphicsPipeline.obj : error LNK2005: stbi_ldr_to_hdr_scale already defined in Main.obj
va_graphicsPipeline.obj : error LNK2005: stbi_load already defined in Main.obj
va_graphicsPipeline.obj : error LNK2005: stbi_load_16 already defined in Main.obj
va_graphicsPipeline.obj : error LNK2005: stbi_load_16_from_callbacks already defined in Main.obj
va_graphicsPipeline.obj : error LNK2005: stbi_load_16_from_memory already defined in Main.obj
va_graphicsPipeline.obj : error LNK2005: stbi_load_from_callbacks already defined in Main.obj
va_graphicsPipeline.obj : error LNK2005: stbi_load_from_file already defined in Main.obj
va_graphicsPipeline.obj : error LNK2005: stbi_load_from_file_16 already defined in Main.obj
va_graphicsPipeline.obj : error LNK2005: stbi_load_from_memory already defined in Main.obj
va_graphicsPipeline.obj : error LNK2005: stbi_load_gif_from_memory already defined in Main.obj
va_graphicsPipeline.obj : error LNK2005: stbi_loadf already defined in Main.obj
va_graphicsPipeline.obj : error LNK2005: stbi_loadf_from_callbacks already defined in Main.obj
va_graphicsPipeline.obj : error LNK2005: stbi_loadf_from_file already defined in Main.obj
va_graphicsPipeline.obj : error LNK2005: stbi_loadf_from_memory already defined in Main.obj
va_graphicsPipeline.obj : error LNK2005: stbi_set_flip_vertically_on_load already defined in Main.obj
va_graphicsPipeline.obj : error LNK2005: stbi_set_flip_vertically_on_load_thread already defined in Main.obj
va_graphicsPipeline.obj : error LNK2005: stbi_set_unpremultiply_on_load already defined in Main.obj
va_graphicsPipeline.obj : error LNK2005: stbi_set_unpremultiply_on_load_thread already defined in Main.obj
va_graphicsPipeline.obj : error LNK2005: stbi_zlib_decode_buffer already defined in Main.obj
va_graphicsPipeline.obj : error LNK2005: stbi_zlib_decode_malloc already defined in Main.obj
va_graphicsPipeline.obj : error LNK2005: stbi_zlib_decode_malloc_guesssize already defined in Main.obj
va_graphicsPipeline.obj : error LNK2005: stbi_zlib_decode_malloc_guesssize_headerflag already defined in Main.obj
va_graphicsPipeline.obj : error LNK2005: stbi_zlib_decode_noheader_buffer already defined in Main.obj
va_graphicsPipeline.obj : error LNK2005: stbi_zlib_decode_noheader_malloc already defined in Main.obj
va_mainApp.obj : error LNK2005: stbi_convert_iphone_png_to_rgb already defined in Main.obj
va_mainApp.obj : error LNK2005: stbi_convert_iphone_png_to_rgb_thread already defined in Main.obj
va_mainApp.obj : error LNK2005: stbi_failure_reason already defined in Main.obj
va_mainApp.obj : error LNK2005: stbi_hdr_to_ldr_gamma already defined in Main.obj
va_mainApp.obj : error LNK2005: stbi_hdr_to_ldr_scale already defined in Main.obj
va_mainApp.obj : error LNK2005: stbi_image_free already defined in Main.obj
va_mainApp.obj : error LNK2005: stbi_info already defined in Main.obj
va_mainApp.obj : error LNK2005: stbi_info_from_callbacks already defined in Main.obj
va_mainApp.obj : error LNK2005: stbi_info_from_file already defined in Main.obj
va_mainApp.obj : error LNK2005: stbi_info_from_memory already defined in Main.obj
va_mainApp.obj : error LNK2005: stbi_is_16_bit already defined in Main.obj
va_mainApp.obj : error LNK2005: stbi_is_16_bit_from_callbacks already defined in Main.obj
va_mainApp.obj : error LNK2005: stbi_is_16_bit_from_file already defined in Main.obj
va_mainApp.obj : error LNK2005: stbi_is_16_bit_from_memory already defined in Main.obj
va_mainApp.obj : error LNK2005: stbi_is_hdr already defined in Main.obj
va_mainApp.obj : error LNK2005: stbi_is_hdr_from_callbacks already defined in Main.obj
va_mainApp.obj : error LNK2005: stbi_is_hdr_from_file already defined in Main.obj
va_mainApp.obj : error LNK2005: stbi_is_hdr_from_memory already defined in Main.obj
va_mainApp.obj : error LNK2005: stbi_ldr_to_hdr_gamma already defined in Main.obj
va_mainApp.obj : error LNK2005: stbi_ldr_to_hdr_scale already defined in Main.obj
va_mainApp.obj : error LNK2005: stbi_load already defined in Main.obj
va_mainApp.obj : error LNK2005: stbi_load_16 already defined in Main.obj
va_mainApp.obj : error LNK2005: stbi_load_16_from_callbacks already defined in Main.obj
va_mainApp.obj : error LNK2005: stbi_load_16_from_memory already defined in Main.obj
va_mainApp.obj : error LNK2005: stbi_load_from_callbacks already defined in Main.obj
va_mainApp.obj : error LNK2005: stbi_load_from_file already defined in Main.obj
va_mainApp.obj : error LNK2005: stbi_load_from_file_16 already defined in Main.obj
va_mainApp.obj : error LNK2005: stbi_load_from_memory already defined in Main.obj
va_mainApp.obj : error LNK2005: stbi_load_gif_from_memory already defined in Main.obj
va_mainApp.obj : error LNK2005: stbi_loadf already defined in Main.obj
va_mainApp.obj : error LNK2005: stbi_loadf_from_callbacks already defined in Main.obj
va_mainApp.obj : error LNK2005: stbi_loadf_from_file already defined in Main.obj
va_mainApp.obj : error LNK2005: stbi_loadf_from_memory already defined in Main.obj
va_mainApp.obj : error LNK2005: stbi_set_flip_vertically_on_load already defined in Main.obj
va_mainApp.obj : error LNK2005: stbi_set_flip_vertically_on_load_thread already defined in Main.obj
va_mainApp.obj : error LNK2005: stbi_set_unpremultiply_on_load already defined in Main.obj
va_mainApp.obj : error LNK2005: stbi_set_unpremultiply_on_load_thread already defined in Main.obj
va_mainApp.obj : error LNK2005: stbi_zlib_decode_buffer already defined in Main.obj
va_mainApp.obj : error LNK2005: stbi_zlib_decode_malloc already defined in Main.obj
va_mainApp.obj : error LNK2005: stbi_zlib_decode_malloc_guesssize already defined in Main.obj
va_mainApp.obj : error LNK2005: stbi_zlib_decode_malloc_guesssize_headerflag already defined in Main.obj
va_mainApp.obj : error LNK2005: stbi_zlib_decode_noheader_buffer already defined in Main.obj
va_mainApp.obj : error LNK2005: stbi_zlib_decode_noheader_malloc already defined in Main.obj
va_swapChain.obj : error LNK2005: stbi_convert_iphone_png_to_rgb already defined in Main.obj
va_swapChain.obj : error LNK2005: stbi_convert_iphone_png_to_rgb_thread already defined in Main.obj
va_swapChain.obj : error LNK2005: stbi_failure_reason already defined in Main.obj
va_swapChain.obj : error LNK2005: stbi_hdr_to_ldr_gamma already defined in Main.obj
va_swapChain.obj : error LNK2005: stbi_hdr_to_ldr_scale already defined in Main.obj
va_swapChain.obj : error LNK2005: stbi_image_free already defined in Main.obj
va_swapChain.obj : error LNK2005: stbi_info already defined in Main.obj
va_swapChain.obj : error LNK2005: stbi_info_from_callbacks already defined in Main.obj
va_swapChain.obj : error LNK2005: stbi_info_from_file already defined in Main.obj
va_swapChain.obj : error LNK2005: stbi_info_from_memory already defined in Main.obj
va_swapChain.obj : error LNK2005: stbi_is_16_bit already defined in Main.obj
va_swapChain.obj : error LNK2005: stbi_is_16_bit_from_callbacks already defined in Main.obj
va_swapChain.obj : error LNK2005: stbi_is_16_bit_from_file already defined in Main.obj
va_swapChain.obj : error LNK2005: stbi_is_16_bit_from_memory already defined in Main.obj
va_swapChain.obj : error LNK2005: stbi_is_hdr already defined in Main.obj
va_swapChain.obj : error LNK2005: stbi_is_hdr_from_callbacks already defined in Main.obj
va_swapChain.obj : error LNK2005: stbi_is_hdr_from_file already defined in Main.obj
va_swapChain.obj : error LNK2005: stbi_is_hdr_from_memory already defined in Main.obj
va_swapChain.obj : error LNK2005: stbi_ldr_to_hdr_gamma already defined in Main.obj
va_swapChain.obj : error LNK2005: stbi_ldr_to_hdr_scale already defined in Main.obj
va_swapChain.obj : error LNK2005: stbi_load already defined in Main.obj
va_swapChain.obj : error LNK2005: stbi_load_16 already defined in Main.obj
va_swapChain.obj : error LNK2005: stbi_load_16_from_callbacks already defined in Main.obj
va_swapChain.obj : error LNK2005: stbi_load_16_from_memory already defined in Main.obj
va_swapChain.obj : error LNK2005: stbi_load_from_callbacks already defined in Main.obj
va_swapChain.obj : error LNK2005: stbi_load_from_file already defined in Main.obj
va_swapChain.obj : error LNK2005: stbi_load_from_file_16 already defined in Main.obj
va_swapChain.obj : error LNK2005: stbi_load_from_memory already defined in Main.obj
va_swapChain.obj : error LNK2005: stbi_load_gif_from_memory already defined in Main.obj
va_swapChain.obj : error LNK2005: stbi_loadf already defined in Main.obj
va_swapChain.obj : error LNK2005: stbi_loadf_from_callbacks already defined in Main.obj
va_swapChain.obj : error LNK2005: stbi_loadf_from_file already defined in Main.obj
va_swapChain.obj : error LNK2005: stbi_loadf_from_memory already defined in Main.obj
va_swapChain.obj : error LNK2005: stbi_set_flip_vertically_on_load already defined in Main.obj
va_swapChain.obj : error LNK2005: stbi_set_flip_vertically_on_load_thread already defined in Main.obj
va_swapChain.obj : error LNK2005: stbi_set_unpremultiply_on_load already defined in Main.obj
va_swapChain.obj : error LNK2005: stbi_set_unpremultiply_on_load_thread already defined in Main.obj
va_swapChain.obj : error LNK2005: stbi_zlib_decode_buffer already defined in Main.obj
va_swapChain.obj : error LNK2005: stbi_zlib_decode_malloc already defined in Main.obj
va_swapChain.obj : error LNK2005: stbi_zlib_decode_malloc_guesssize already defined in Main.obj
va_swapChain.obj : error LNK2005: stbi_zlib_decode_malloc_guesssize_headerflag already defined in Main.obj
va_swapChain.obj : error LNK2005: stbi_zlib_decode_noheader_buffer already defined in Main.obj
va_swapChain.obj : error LNK2005: stbi_zlib_decode_noheader_malloc already defined in Main.obj
LINK : warning LNK4098: defaultlib 'MSVCRT' conflicts with use of other libs; use /NODEFAULTLIB:library
C:\repos\Graphics2-Vulkan\Vulkan-Graphics2Opdracht\x64\Debug\Vulkan-Graphics2Opdracht.exe : fatal error LNK1169: one or more multiply defined symbols found
